[0m[[0m[0mdebug[0m] [0m[0m> Exec(compile, None, None)[0m
[0m[[0m[0mdebug[0m] [0m[0mEvaluating tasks: akkaGrpc / Compile / compile, protoGrpc / Compile / compile, Compile / compile[0m
[0m[[0m[0mdebug[0m] [0m[0mRunning task... Cancel: Signal, check cycles: false, forcegc: true[0m
[0m[[0m[33mwarn[0m] [0m[0mThere may be incompatibilities among your library dependencies; run 'evicted' to see detailed eviction warnings.[0m
[0m[[0m[0minfo[0m] [0m[0mcompiling 1 Scala source to /home/aleksey/repos/otus-scala-grpc/target/scala-2.13/classes ...[0m
[0m[[0m[33mwarn[0m] [0m[0mThere may be incompatibilities among your library dependencies; run 'evicted' to see detailed eviction warnings.[0m
[0m[[0m[0minfo[0m] [0m[0mcompiling 2 Scala sources to /home/aleksey/repos/otus-scala-grpc/akkaGrpc/target/scala-2.13/classes ...[0m
[0m[[0m[0minfo[0m] [0m[0mCompiling 1 protobuf files to /home/aleksey/repos/otus-scala-grpc/protoGrpc/target/scala-2.13/src_managed/main/scalapb[0m
[0m[[0m[0minfo[0m] [0m[0mCompiling schema /home/aleksey/repos/otus-scala-grpc/protoGrpc/src/main/protobuf/helloworld3.proto[0m
[0m[[0m[31merror[0m] [0m[0m/home/aleksey/repos/otus-scala-grpc/akkaGrpc/src/main/scala/Client.scala:2:8: not found: object akka[0m
[0m[[0m[31merror[0m] [0m[0mimport akka.actor.ActorSystem[0m
[0m[[0m[31merror[0m] [0m[0m       ^[0m
[0m[[0m[31merror[0m] [0m[0m/home/aleksey/repos/otus-scala-grpc/akkaGrpc/src/main/scala/Client.scala:3:8: not found: object akka[0m
[0m[[0m[31merror[0m] [0m[0mimport akka.grpc.GrpcClientSettings[0m
[0m[[0m[31merror[0m] [0m[0m       ^[0m
[0m[[0m[31merror[0m] [0m[0m/home/aleksey/repos/otus-scala-grpc/akkaGrpc/src/main/scala/Client.scala:4:8: not found: object akka[0m
[0m[[0m[31merror[0m] [0m[0mimport akka.stream.scaladsl.{Sink, Source}[0m
[0m[[0m[31merror[0m] [0m[0m       ^[0m
[0m[[0m[31merror[0m] [0m[0m/home/aleksey/repos/otus-scala-grpc/akkaGrpc/src/main/scala/Client.scala:5:8: not found: object otus[0m
[0m[[0m[31merror[0m] [0m[0mimport otus.scala.grpc.{HelloRequest, HelloWorldClient}[0m
[0m[[0m[31merror[0m] [0m[0m       ^[0m
[0m[[0m[31merror[0m] [0m[0m/home/aleksey/repos/otus-scala-grpc/akkaGrpc/src/main/scala/Client.scala:12:24: not found: type ActorSystem[0m
[0m[[0m[31merror[0m] [0m[0m  implicit val system: ActorSystem = ActorSystem("client", config)[0m
[0m[[0m[31merror[0m] [0m[0m                       ^[0m
[0m[[0m[31merror[0m] [0m[0m/home/aleksey/repos/otus-scala-grpc/akkaGrpc/src/main/scala/Client.scala:12:38: not found: value ActorSystem[0m
[0m[[0m[31merror[0m] [0m[0m  implicit val system: ActorSystem = ActorSystem("client", config)[0m
[0m[[0m[31merror[0m] [0m[0m                                     ^[0m
[0m[[0m[31merror[0m] [0m[0m/home/aleksey/repos/otus-scala-grpc/akkaGrpc/src/main/scala/MainServer.scala:6:12: object typesafe is not a member of package com[0m
[0m[[0m[31merror[0m] [0m[0mimport com.typesafe.config.ConfigFactory[0m
[0m[[0m[31merror[0m] [0m[0m           ^[0m
[0m[[0m[31merror[0m] [0m[0m/home/aleksey/repos/otus-scala-grpc/akkaGrpc/src/main/scala/MainServer.scala:13:16: not found: value ConfigFactory[0m
[0m[[0m[31merror[0m] [0m[0m  val config = ConfigFactory.parseString("akka.http.server.preview.enable-http2 = on")[0m
[0m[[0m[31merror[0m] [0m[0m               ^[0m
[0m[[0m[31merror[0m] [0m[0m/home/aleksey/repos/otus-scala-grpc/akkaGrpc/src/main/scala/MainServer.scala:14:19: not found: value ConfigFactory[0m
[0m[[0m[31merror[0m] [0m[0m    .withFallback(ConfigFactory.defaultApplication())[0m
[0m[[0m[31merror[0m] [0m[0m                  ^[0m
[0m[[0m[31merror[0m] [0m[0m/home/aleksey/repos/otus-scala-grpc/akkaGrpc/src/main/scala/Client.scala:14:15: not found: type HelloWorldClient[0m
[0m[[0m[31merror[0m] [0m[0m  val client: HelloWorldClient = HelloWorldClient([0m
[0m[[0m[31merror[0m] [0m[0m              ^[0m
[0m[[0m[31merror[0m] [0m[0m/home/aleksey/repos/otus-scala-grpc/akkaGrpc/src/main/scala/Client.scala:14:34: not found: value HelloWorldClient[0m
[0m[[0m[31merror[0m] [0m[0m  val client: HelloWorldClient = HelloWorldClient([0m
[0m[[0m[31merror[0m] [0m[0m                                 ^[0m
[0m[[0m[31merror[0m] [0m[0m/home/aleksey/repos/otus-scala-grpc/akkaGrpc/src/main/scala/Client.scala:15:5: not found: value GrpcClientSettings[0m
[0m[[0m[31merror[0m] [0m[0m    GrpcClientSettings[0m
[0m[[0m[31merror[0m] [0m[0m    ^[0m
[0m[[0m[31merror[0m] [0m[0m/home/aleksey/repos/otus-scala-grpc/akkaGrpc/src/main/scala/MainServer.scala:1:8: not found: object akka[0m
[0m[[0m[31merror[0m] [0m[0mimport akka.NotUsed[0m
[0m[[0m[31merror[0m] [0m[0m       ^[0m
[0m[[0m[31merror[0m] [0m[0m/home/aleksey/repos/otus-scala-grpc/akkaGrpc/src/main/scala/MainServer.scala:2:8: not found: object akka[0m
[0m[[0m[31merror[0m] [0m[0mimport akka.actor.ActorSystem[0m
[0m[[0m[31merror[0m] [0m[0m       ^[0m
[0m[[0m[31merror[0m] [0m[0m/home/aleksey/repos/otus-scala-grpc/akkaGrpc/src/main/scala/MainServer.scala:3:8: not found: object akka[0m
[0m[[0m[31merror[0m] [0m[0mimport akka.http.scaladsl.Http[0m
[0m[[0m[31merror[0m] [0m[0m       ^[0m
[0m[[0m[31merror[0m] [0m[0m/home/aleksey/repos/otus-scala-grpc/akkaGrpc/src/main/scala/MainServer.scala:4:8: not found: object akka[0m
[0m[[0m[31merror[0m] [0m[0mimport akka.http.scaladsl.model.{HttpRequest, HttpResponse}[0m
[0m[[0m[31merror[0m] [0m[0m       ^[0m
[0m[[0m[31merror[0m] [0m[0m/home/aleksey/repos/otus-scala-grpc/akkaGrpc/src/main/scala/MainServer.scala:5:8: not found: object akka[0m
[0m[[0m[31merror[0m] [0m[0mimport akka.stream.scaladsl.Source[0m
[0m[[0m[31merror[0m] [0m[0m       ^[0m
[0m[[0m[31merror[0m] [0m[0m/home/aleksey/repos/otus-scala-grpc/akkaGrpc/src/main/scala/MainServer.scala:7:8: not found: object otus[0m
[0m[[0m[31merror[0m] [0m[0mimport otus.scala.grpc.{HelloRequest, HelloResponse, HelloWorld, HelloWorldHandler}[0m
[0m[[0m[31merror[0m] [0m[0m       ^[0m
[0m[[0m[31merror[0m] [0m[0m/home/aleksey/repos/otus-scala-grpc/akkaGrpc/src/main/scala/MainServer.scala:16:24: not found: type ActorSystem[0m
[0m[[0m[31merror[0m] [0m[0m  implicit val system: ActorSystem = ActorSystem("main", config)[0m
[0m[[0m[31merror[0m] [0m[0m                       ^[0m
[0m[[0m[31merror[0m] [0m[0m/home/aleksey/repos/otus-scala-grpc/akkaGrpc/src/main/scala/MainServer.scala:16:38: not found: value ActorSystem[0m
[0m[[0m[31merror[0m] [0m[0m  implicit val system: ActorSystem = ActorSystem("main", config)[0m
[0m[[0m[31merror[0m] [0m[0m                                     ^[0m
[0m[[0m[31merror[0m] [0m[0m/home/aleksey/repos/otus-scala-grpc/akkaGrpc/src/main/scala/MainServer.scala:18:16: not found: type HttpRequest[0m
[0m[[0m[31merror[0m] [0m[0m  val handler: HttpRequest => Future[HttpResponse] = HelloWorldHandler(new HelloWorld {[0m
[0m[[0m[31merror[0m] [0m[0m               ^[0m
[0m[[0m[31merror[0m] [0m[0m/home/aleksey/repos/otus-scala-grpc/akkaGrpc/src/main/scala/MainServer.scala:18:38: not found: type HttpResponse[0m
[0m[[0m[31merror[0m] [0m[0m  val handler: HttpRequest => Future[HttpResponse] = HelloWorldHandler(new HelloWorld {[0m
[0m[[0m[31merror[0m] [0m[0m                                     ^[0m
[0m[[0m[31merror[0m] [0m[0m/home/aleksey/repos/otus-scala-grpc/akkaGrpc/src/main/scala/MainServer.scala:18:54: not found: value HelloWorldHandler[0m
[0m[[0m[31merror[0m] [0m[0m  val handler: HttpRequest => Future[HttpResponse] = HelloWorldHandler(new HelloWorld {[0m
[0m[[0m[31merror[0m] [0m[0m                                                     ^[0m
[0m[[0m[31merror[0m] [0m[0m/home/aleksey/repos/otus-scala-grpc/akkaGrpc/src/main/scala/MainServer.scala:18:76: not found: type HelloWorld[0m
[0m[[0m[31merror[0m] [0m[0m  val handler: HttpRequest => Future[HttpResponse] = HelloWorldHandler(new HelloWorld {[0m
[0m[[0m[31merror[0m] [0m[0m                                                                           ^[0m
[0m[[0m[31merror[0m] [0m[0m/home/aleksey/repos/otus-scala-grpc/akkaGrpc/src/main/scala/MainServer.scala:19:50: not found: type HelloResponse[0m
[0m[[0m[31merror[0m] [0m[0m    override def hello(in: HelloRequest): Future[HelloResponse] =[0m
[0m[[0m[31merror[0m] [0m[0m                                                 ^[0m
[0m[[0m[31merror[0m] [0m[0m/home/aleksey/repos/otus-scala-grpc/akkaGrpc/src/main/scala/MainServer.scala:19:28: not found: type HelloRequest[0m
[0m[[0m[31merror[0m] [0m[0m    override def hello(in: HelloRequest): Future[HelloResponse] =[0m
[0m[[0m[31merror[0m] [0m[0m                           ^[0m
[0m[[0m[31merror[0m] [0m[0m/home/aleksey/repos/otus-scala-grpc/akkaGrpc/src/main/scala/MainServer.scala:20:25: not found: value HelloResponse[0m
[0m[[0m[31merror[0m] [0m[0m      Future.successful(HelloResponse("Server is up"))[0m
[0m[[0m[31merror[0m] [0m[0m                        ^[0m
[0m[[0m[31merror[0m] [0m[0m/home/aleksey/repos/otus-scala-grpc/akkaGrpc/src/main/scala/MainServer.scala:22:66: not found: type Source[0m
[0m[[0m[31merror[0m] [0m[0m    override def helloStream(in: Source[HelloRequest, NotUsed]): Source[HelloResponse, NotUsed] = {[0m
[0m[[0m[31merror[0m] [0m[0m                                                                 ^[0m
[0m[[0m[31merror[0m] [0m[0m/home/aleksey/repos/otus-scala-grpc/akkaGrpc/src/main/scala/MainServer.scala:22:34: not found: type Source[0m
[0m[[0m[31merror[0m] [0m[0m    override def helloStream(in: Source[HelloRequest, NotUsed]): Source[HelloResponse, NotUsed] = {[0m
[0m[[0m[31merror[0m] [0m[0m                                 ^[0m
[0m[[0m[0minfo[0m] [0m[0mdone compiling[0m
[0m[[0m[31merror[0m] [0m[0m/home/aleksey/repos/otus-scala-grpc/akkaGrpc/src/main/scala/MainServer.scala:23:7: not found: value Source[0m
[0m[[0m[31merror[0m] [0m[0m      Source.unfold(0 -> 1) {[0m
[0m[[0m[31merror[0m] [0m[0m      ^[0m
[0m[[0m[31merror[0m] [0m[0m/home/aleksey/repos/otus-scala-grpc/akkaGrpc/src/main/scala/MainServer.scala:24:26: value > is not a member of Any[0m
[0m[[0m[31merror[0m] [0m[0m        case (a, _) if a > 10000000 => None[0m
[0m[[0m[31merror[0m] [0m[0m                         ^[0m
[0m[[0m[31merror[0m] [0m[0m/home/aleksey/repos/otus-scala-grpc/akkaGrpc/src/main/scala/MainServer.scala:25:40: type mismatch;[0m
[0m[[0m[31merror[0m] [0m[0m found   : Any[0m
[0m[[0m[31merror[0m] [0m[0m required: String[0m
[0m[[0m[31merror[0m] [0m[0m        case (a, b) => Some((b -> (a + b)) -> a)[0m
[0m[[0m[31merror[0m] [0m[0m                                       ^[0m
[0m[[0m[31merror[0m] [0m[0m/home/aleksey/repos/otus-scala-grpc/akkaGrpc/src/main/scala/MainServer.scala:26:18: not found: value HelloResponse[0m
[0m[[0m[31merror[0m] [0m[0m      }.map(i => HelloResponse(i.toString))[0m
[0m[[0m[31merror[0m] [0m[0m                 ^[0m
[0m[[0m[31merror[0m] [0m[0m/home/aleksey/repos/otus-scala-grpc/akkaGrpc/src/main/scala/MainServer.scala:30:3: not found: value Http[0m
[0m[[0m[31merror[0m] [0m[0m  Http().bindAndHandleAsync(handler, interface = "127.0.0.1", port = 8080)[0m
[0m[[0m[31merror[0m] [0m[0m  ^[0m
[0m[[0m[31merror[0m] [0m[0m/home/aleksey/repos/otus-scala-grpc/akkaGrpc/src/main/scala/MainServer.scala:30:38: not found: value interface[0m
[0m[[0m[31merror[0m] [0m[0m  Http().bindAndHandleAsync(handler, interface = "127.0.0.1", port = 8080)[0m
[0m[[0m[31merror[0m] [0m[0m                                     ^[0m
[0m[[0m[31merror[0m] [0m[0m/home/aleksey/repos/otus-scala-grpc/akkaGrpc/src/main/scala/MainServer.scala:30:63: not found: value port[0m
[0m[[0m[31merror[0m] [0m[0m  Http().bindAndHandleAsync(handler, interface = "127.0.0.1", port = 8080)[0m
[0m[[0m[31merror[0m] [0m[0m                                                              ^[0m
[0m[[0m[31merror[0m] [0m[0m36 errors found[0m
[0m[[0m[0minfo[0m] [0m[0mcompiling 6 Scala sources to /home/aleksey/repos/otus-scala-grpc/protoGrpc/target/scala-2.13/classes ...[0m
[0m[[0m[0minfo[0m] [0m[0mdone compiling[0m
[0m[[0m[31merror[0m] [0m[0m(akkaGrpc / Compile / [31mcompileIncremental[0m) Compilation failed[0m
[0m[[0m[31merror[0m] [0m[0mTotal time: 2 s, completed Jan 16, 2021, 9:33:21 PM[0m
[0m[[0m[0mdebug[0m] [0m[0m> Exec(idea-shell, None, None)[0m
