[0m[[0m[0mdebug[0m] [0m[0m> Exec(all {file:/home/aleksey/repos/otus-scala-grpc/}otus-scala-grpc/products {file:/home/aleksey/repos/otus-scala-grpc/}otus-scala-grpc/test:products, None, None)[0m
[0m[[0m[0mdebug[0m] [0m[0mEvaluating tasks: Compile / products, Test / products[0m
[0m[[0m[0mdebug[0m] [0m[0mRunning task... Cancel: Signal, check cycles: false, forcegc: true[0m
[0m[[0m[0minfo[0m] [0m[0mcompiling 8 Scala sources to /home/aleksey/repos/otus-scala-grpc/target/scala-2.13/classes ...[0m
[0m[[0m[31merror[0m] [0m[0m/home/aleksey/repos/otus-scala-grpc/target/scala-2.13/src_managed/main/scalapb/otus/scala/grpc/helloworld3/HelloWorldGrpc.scala:4:28: object io is not a member of package <root>[0m
[0m[[0m[31merror[0m] [0m[0mdid you mean com?[0m
[0m[[0m[31merror[0m] [0m[0m  val METHOD_HELLO: _root_.io.grpc.MethodDescriptor[otus.scala.grpc.helloworld3.HelloRequest, otus.scala.grpc.helloworld3.HelloResponse] =[0m
[0m[[0m[31merror[0m] [0m[0m                           ^[0m
[0m[[0m[31merror[0m] [0m[0m/home/aleksey/repos/otus-scala-grpc/target/scala-2.13/src_managed/main/scalapb/otus/scala/grpc/helloworld3/HelloWorldGrpc.scala:5:12: object io is not a member of package <root>[0m
[0m[[0m[31merror[0m] [0m[0mdid you mean com?[0m
[0m[[0m[31merror[0m] [0m[0m    _root_.io.grpc.MethodDescriptor.newBuilder()[0m
[0m[[0m[31merror[0m] [0m[0m           ^[0m
[0m[[0m[31merror[0m] [0m[0m/home/aleksey/repos/otus-scala-grpc/target/scala-2.13/src_managed/main/scalapb/otus/scala/grpc/helloworld3/HelloWorldGrpc.scala:6:23: object io is not a member of package <root>[0m
[0m[[0m[31merror[0m] [0m[0mdid you mean com?[0m
[0m[[0m[31merror[0m] [0m[0m      .setType(_root_.io.grpc.MethodDescriptor.MethodType.UNARY)[0m
[0m[[0m[31merror[0m] [0m[0m                      ^[0m
[0m[[0m[31merror[0m] [0m[0m/home/aleksey/repos/otus-scala-grpc/target/scala-2.13/src_managed/main/scalapb/otus/scala/grpc/helloworld3/HelloWorldGrpc.scala:7:33: object io is not a member of package <root>[0m
[0m[[0m[31merror[0m] [0m[0mdid you mean com?[0m
[0m[[0m[31merror[0m] [0m[0m      .setFullMethodName(_root_.io.grpc.MethodDescriptor.generateFullMethodName("otus.scala.grpc.HelloWorld", "hello"))[0m
[0m[[0m[31merror[0m] [0m[0m                                ^[0m
[0m[[0m[31merror[0m] [0m[0m/home/aleksey/repos/otus-scala-grpc/target/scala-2.13/src_managed/main/scalapb/otus/scala/grpc/helloworld3/HelloWorldGrpc.scala:9:44: object grpc is not a member of package scalapb[0m
[0m[[0m[31merror[0m] [0m[0m      .setRequestMarshaller(_root_.scalapb.grpc.Marshaller.forMessage[otus.scala.grpc.helloworld3.HelloRequest])[0m
[0m[[0m[31merror[0m] [0m[0m                                           ^[0m
[0m[[0m[31merror[0m] [0m[0m/home/aleksey/repos/otus-scala-grpc/target/scala-2.13/src_managed/main/scalapb/otus/scala/grpc/helloworld3/HelloWorldGrpc.scala:10:45: object grpc is not a member of package scalapb[0m
[0m[[0m[31merror[0m] [0m[0m      .setResponseMarshaller(_root_.scalapb.grpc.Marshaller.forMessage[otus.scala.grpc.helloworld3.HelloResponse])[0m
[0m[[0m[31merror[0m] [0m[0m                                            ^[0m
[0m[[0m[31merror[0m] [0m[0m/home/aleksey/repos/otus-scala-grpc/target/scala-2.13/src_managed/main/scalapb/otus/scala/grpc/helloworld3/HelloWorldGrpc.scala:11:43: object grpc is not a member of package scalapb[0m
[0m[[0m[31merror[0m] [0m[0m      .setSchemaDescriptor(_root_.scalapb.grpc.ConcreteProtoMethodDescriptorSupplier.fromMethodDescriptor(otus.scala.grpc.helloworld3.Helloworld3Proto.javaDescriptor.getServices.get(0).getMethods.get(0)))[0m
[0m[[0m[31merror[0m] [0m[0m                                          ^[0m
[0m[[0m[31merror[0m] [0m[0m/home/aleksey/repos/otus-scala-grpc/target/scala-2.13/src_managed/main/scalapb/otus/scala/grpc/helloworld3/HelloWorldGrpc.scala:14:35: object io is not a member of package <root>[0m
[0m[[0m[31merror[0m] [0m[0mdid you mean com?[0m
[0m[[0m[31merror[0m] [0m[0m  val METHOD_HELLO_STREAM: _root_.io.grpc.MethodDescriptor[otus.scala.grpc.helloworld3.HelloRequest, otus.scala.grpc.helloworld3.HelloResponse] =[0m
[0m[[0m[31merror[0m] [0m[0m                                  ^[0m
[0m[[0m[31merror[0m] [0m[0m/home/aleksey/repos/otus-scala-grpc/target/scala-2.13/src_managed/main/scalapb/otus/scala/grpc/helloworld3/HelloWorldGrpc.scala:15:12: object io is not a member of package <root>[0m
[0m[[0m[31merror[0m] [0m[0mdid you mean com?[0m
[0m[[0m[31merror[0m] [0m[0m    _root_.io.grpc.MethodDescriptor.newBuilder()[0m
[0m[[0m[31merror[0m] [0m[0m           ^[0m
[0m[[0m[31merror[0m] [0m[0m/home/aleksey/repos/otus-scala-grpc/target/scala-2.13/src_managed/main/scalapb/otus/scala/grpc/helloworld3/HelloWorldGrpc.scala:16:23: object io is not a member of package <root>[0m
[0m[[0m[31merror[0m] [0m[0mdid you mean com?[0m
[0m[[0m[31merror[0m] [0m[0m      .setType(_root_.io.grpc.MethodDescriptor.MethodType.BIDI_STREAMING)[0m
[0m[[0m[31merror[0m] [0m[0m                      ^[0m
[0m[[0m[31merror[0m] [0m[0m/home/aleksey/repos/otus-scala-grpc/target/scala-2.13/src_managed/main/scalapb/otus/scala/grpc/helloworld3/HelloWorldGrpc.scala:17:33: object io is not a member of package <root>[0m
[0m[[0m[31merror[0m] [0m[0mdid you mean com?[0m
[0m[[0m[31merror[0m] [0m[0m      .setFullMethodName(_root_.io.grpc.MethodDescriptor.generateFullMethodName("otus.scala.grpc.HelloWorld", "helloStream"))[0m
[0m[[0m[31merror[0m] [0m[0m                                ^[0m
[0m[[0m[31merror[0m] [0m[0m/home/aleksey/repos/otus-scala-grpc/target/scala-2.13/src_managed/main/scalapb/otus/scala/grpc/helloworld3/HelloWorldGrpc.scala:19:44: object grpc is not a member of package scalapb[0m
[0m[[0m[31merror[0m] [0m[0m      .setRequestMarshaller(_root_.scalapb.grpc.Marshaller.forMessage[otus.scala.grpc.helloworld3.HelloRequest])[0m
[0m[[0m[31merror[0m] [0m[0m                                           ^[0m
[0m[[0m[31merror[0m] [0m[0m/home/aleksey/repos/otus-scala-grpc/target/scala-2.13/src_managed/main/scalapb/otus/scala/grpc/helloworld3/HelloWorldGrpc.scala:20:45: object grpc is not a member of package scalapb[0m
[0m[[0m[31merror[0m] [0m[0m      .setResponseMarshaller(_root_.scalapb.grpc.Marshaller.forMessage[otus.scala.grpc.helloworld3.HelloResponse])[0m
[0m[[0m[31merror[0m] [0m[0m                                            ^[0m
[0m[[0m[31merror[0m] [0m[0m/home/aleksey/repos/otus-scala-grpc/target/scala-2.13/src_managed/main/scalapb/otus/scala/grpc/helloworld3/HelloWorldGrpc.scala:21:43: object grpc is not a member of package scalapb[0m
[0m[[0m[31merror[0m] [0m[0m      .setSchemaDescriptor(_root_.scalapb.grpc.ConcreteProtoMethodDescriptorSupplier.fromMethodDescriptor(otus.scala.grpc.helloworld3.Helloworld3Proto.javaDescriptor.getServices.get(0).getMethods.get(1)))[0m
[0m[[0m[31merror[0m] [0m[0m                                          ^[0m
[0m[[0m[31merror[0m] [0m[0m/home/aleksey/repos/otus-scala-grpc/target/scala-2.13/src_managed/main/scalapb/otus/scala/grpc/helloworld3/HelloWorldGrpc.scala:24:23: object io is not a member of package <root>[0m
[0m[[0m[31merror[0m] [0m[0mdid you mean com?[0m
[0m[[0m[31merror[0m] [0m[0m  val SERVICE: _root_.io.grpc.ServiceDescriptor =[0m
[0m[[0m[31merror[0m] [0m[0m                      ^[0m
[0m[[0m[31merror[0m] [0m[0m/home/aleksey/repos/otus-scala-grpc/target/scala-2.13/src_managed/main/scalapb/otus/scala/grpc/helloworld3/HelloWorldGrpc.scala:25:12: object io is not a member of package <root>[0m
[0m[[0m[31merror[0m] [0m[0mdid you mean com?[0m
[0m[[0m[31merror[0m] [0m[0m    _root_.io.grpc.ServiceDescriptor.newBuilder("otus.scala.grpc.HelloWorld")[0m
[0m[[0m[31merror[0m] [0m[0m           ^[0m
[0m[[0m[31merror[0m] [0m[0m/home/aleksey/repos/otus-scala-grpc/target/scala-2.13/src_managed/main/scalapb/otus/scala/grpc/helloworld3/HelloWorldGrpc.scala:26:47: object grpc is not a member of package scalapb[0m
[0m[[0m[31merror[0m] [0m[0m      .setSchemaDescriptor(new _root_.scalapb.grpc.ConcreteProtoFileDescriptorSupplier(otus.scala.grpc.helloworld3.Helloworld3Proto.javaDescriptor))[0m
[0m[[0m[31merror[0m] [0m[0m                                              ^[0m
[0m[[0m[31merror[0m] [0m[0m/home/aleksey/repos/otus-scala-grpc/target/scala-2.13/src_managed/main/scalapb/otus/scala/grpc/helloworld3/HelloWorldGrpc.scala:31:43: object grpc is not a member of package scalapb[0m
[0m[[0m[31merror[0m] [0m[0m  trait HelloWorld extends _root_.scalapb.grpc.AbstractService {[0m
[0m[[0m[31merror[0m] [0m[0m                                          ^[0m
[0m[[0m[31merror[0m] [0m[0m/home/aleksey/repos/otus-scala-grpc/target/scala-2.13/src_managed/main/scalapb/otus/scala/grpc/helloworld3/HelloWorldGrpc.scala:37:44: object grpc is not a member of package scalapb[0m
[0m[[0m[31merror[0m] [0m[0m  object HelloWorld extends _root_.scalapb.grpc.ServiceCompanion[HelloWorld] {[0m
[0m[[0m[31merror[0m] [0m[0m                                           ^[0m
[0m[[0m[31merror[0m] [0m[0m/home/aleksey/repos/otus-scala-grpc/target/scala-2.13/src_managed/main/scalapb/otus/scala/grpc/helloworld3/HelloWorldGrpc.scala:34:126: object io is not a member of package <root>[0m
[0m[[0m[31merror[0m] [0m[0mdid you mean com?[0m
[0m[[0m[31merror[0m] [0m[0m    def helloStream(responseObserver: _root_.io.grpc.stub.StreamObserver[otus.scala.grpc.helloworld3.HelloResponse]): _root_.io.grpc.stub.StreamObserver[otus.scala.grpc.helloworld3.HelloRequest][0m
[0m[[0m[31merror[0m] [0m[0m                                                                                                                             ^[0m
[0m[[0m[31merror[0m] [0m[0m/home/aleksey/repos/otus-scala-grpc/target/scala-2.13/src_managed/main/scalapb/otus/scala/grpc/helloworld3/HelloWorldGrpc.scala:34:46: object io is not a member of package <root>[0m
[0m[[0m[31merror[0m] [0m[0mdid you mean com?[0m
[0m[[0m[31merror[0m] [0m[0m    def helloStream(responseObserver: _root_.io.grpc.stub.StreamObserver[otus.scala.grpc.helloworld3.HelloResponse]): _root_.io.grpc.stub.StreamObserver[otus.scala.grpc.helloworld3.HelloRequest][0m
[0m[[0m[31merror[0m] [0m[0m                                             ^[0m
[0m[[0m[31merror[0m] [0m[0m/home/aleksey/repos/otus-scala-grpc/target/scala-2.13/src_managed/main/scalapb/otus/scala/grpc/helloworld3/HelloWorldGrpc.scala:38:51: object grpc is not a member of package scalapb[0m
[0m[[0m[31merror[0m] [0m[0m    implicit def serviceCompanion: _root_.scalapb.grpc.ServiceCompanion[HelloWorld] = this[0m
[0m[[0m[31merror[0m] [0m[0m                                                  ^[0m
[0m[[0m[31merror[0m] [0m[0m/home/aleksey/repos/otus-scala-grpc/target/scala-2.13/src_managed/main/scalapb/otus/scala/grpc/helloworld3/HelloWorldGrpc.scala:41:107: object io is not a member of package <root>[0m
[0m[[0m[31merror[0m] [0m[0mdid you mean com?[0m
[0m[[0m[31merror[0m] [0m[0m    def bindService(serviceImpl: HelloWorld, executionContext: scala.concurrent.ExecutionContext): _root_.io.grpc.ServerServiceDefinition =[0m
[0m[[0m[31merror[0m] [0m[0m                                                                                                          ^[0m
[0m[[0m[31merror[0m] [0m[0m/home/aleksey/repos/otus-scala-grpc/target/scala-2.13/src_managed/main/scalapb/otus/scala/grpc/helloworld3/HelloWorldGrpc.scala:42:14: object io is not a member of package <root>[0m
[0m[[0m[31merror[0m] [0m[0mdid you mean com?[0m
[0m[[0m[31merror[0m] [0m[0m      _root_.io.grpc.ServerServiceDefinition.builder(SERVICE)[0m
[0m[[0m[31merror[0m] [0m[0m             ^[0m
[0m[[0m[31merror[0m] [0m[0m/home/aleksey/repos/otus-scala-grpc/target/scala-2.13/src_managed/main/scalapb/otus/scala/grpc/helloworld3/HelloWorldGrpc.scala:45:16: object io is not a member of package <root>[0m
[0m[[0m[31merror[0m] [0m[0mdid you mean com?[0m
[0m[[0m[31merror[0m] [0m[0m        _root_.io.grpc.stub.ServerCalls.asyncUnaryCall(new _root_.io.grpc.stub.ServerCalls.UnaryMethod[otus.scala.grpc.helloworld3.HelloRequest, otus.scala.grpc.helloworld3.HelloResponse] {[0m
[0m[[0m[31merror[0m] [0m[0m               ^[0m
[0m[[0m[31merror[0m] [0m[0m/home/aleksey/repos/otus-scala-grpc/target/scala-2.13/src_managed/main/scalapb/otus/scala/grpc/helloworld3/HelloWorldGrpc.scala:45:67: object io is not a member of package <root>[0m
[0m[[0m[31merror[0m] [0m[0mdid you mean com?[0m
[0m[[0m[31merror[0m] [0m[0m        _root_.io.grpc.stub.ServerCalls.asyncUnaryCall(new _root_.io.grpc.stub.ServerCalls.UnaryMethod[otus.scala.grpc.helloworld3.HelloRequest, otus.scala.grpc.helloworld3.HelloResponse] {[0m
[0m[[0m[31merror[0m] [0m[0m                                                                  ^[0m
[0m[[0m[31merror[0m] [0m[0m/home/aleksey/repos/otus-scala-grpc/target/scala-2.13/src_managed/main/scalapb/otus/scala/grpc/helloworld3/HelloWorldGrpc.scala:46:99: object io is not a member of package <root>[0m
[0m[[0m[31merror[0m] [0m[0mdid you mean com?[0m
[0m[[0m[31merror[0m] [0m[0m          override def invoke(request: otus.scala.grpc.helloworld3.HelloRequest, observer: _root_.io.grpc.stub.StreamObserver[otus.scala.grpc.helloworld3.HelloResponse]): Unit =[0m
[0m[[0m[31merror[0m] [0m[0m                                                                                                  ^[0m
[0m[[0m[31merror[0m] [0m[0m/home/aleksey/repos/otus-scala-grpc/target/scala-2.13/src_managed/main/scalapb/otus/scala/grpc/helloworld3/HelloWorldGrpc.scala:47:59: object grpc is not a member of package scalapb[0m
[0m[[0m[31merror[0m] [0m[0m            serviceImpl.hello(request).onComplete(scalapb.grpc.Grpc.completeObserver(observer))([0m
[0m[[0m[31merror[0m] [0m[0m                                                          ^[0m
[0m[[0m[31merror[0m] [0m[0m/home/aleksey/repos/otus-scala-grpc/target/scala-2.13/src_managed/main/scalapb/otus/scala/grpc/helloworld3/HelloWorldGrpc.scala:52:16: object io is not a member of package <root>[0m
[0m[[0m[31merror[0m] [0m[0mdid you mean com?[0m
[0m[[0m[31merror[0m] [0m[0m        _root_.io.grpc.stub.ServerCalls.asyncBidiStreamingCall(new _root_.io.grpc.stub.ServerCalls.BidiStreamingMethod[otus.scala.grpc.helloworld3.HelloRequest, otus.scala.grpc.helloworld3.HelloResponse] {[0m
[0m[[0m[31merror[0m] [0m[0m               ^[0m
[0m[[0m[31merror[0m] [0m[0m/home/aleksey/repos/otus-scala-grpc/target/scala-2.13/src_managed/main/scalapb/otus/scala/grpc/helloworld3/HelloWorldGrpc.scala:52:75: object io is not a member of package <root>[0m
[0m[[0m[31merror[0m] [0m[0mdid you mean com?[0m
[0m[[0m[31merror[0m] [0m[0m        _root_.io.grpc.stub.ServerCalls.asyncBidiStreamingCall(new _root_.io.grpc.stub.ServerCalls.BidiStreamingMethod[otus.scala.grpc.helloworld3.HelloRequest, otus.scala.grpc.helloworld3.HelloResponse] {[0m
[0m[[0m[31merror[0m] [0m[0m                                                                          ^[0m
[0m[[0m[31merror[0m] [0m[0m/home/aleksey/repos/otus-scala-grpc/target/scala-2.13/src_managed/main/scalapb/otus/scala/grpc/helloworld3/HelloWorldGrpc.scala:53:128: object io is not a member of package <root>[0m
[0m[[0m[31merror[0m] [0m[0mdid you mean com?[0m
[0m[[0m[31merror[0m] [0m[0m          override def invoke(observer: _root_.io.grpc.stub.StreamObserver[otus.scala.grpc.helloworld3.HelloResponse]): _root_.io.grpc.stub.StreamObserver[otus.scala.grpc.helloworld3.HelloRequest] =[0m
[0m[[0m[31merror[0m] [0m[0m                                                                                                                               ^[0m
[0m[[0m[31merror[0m] [0m[0m/home/aleksey/repos/otus-scala-grpc/target/scala-2.13/src_managed/main/scalapb/otus/scala/grpc/helloworld3/HelloWorldGrpc.scala:53:48: object io is not a member of package <root>[0m
[0m[[0m[31merror[0m] [0m[0mdid you mean com?[0m
[0m[[0m[31merror[0m] [0m[0m          override def invoke(observer: _root_.io.grpc.stub.StreamObserver[otus.scala.grpc.helloworld3.HelloResponse]): _root_.io.grpc.stub.StreamObserver[otus.scala.grpc.helloworld3.HelloRequest] =[0m
[0m[[0m[31merror[0m] [0m[0m                                               ^[0m
[0m[[0m[31merror[0m] [0m[0m/home/aleksey/repos/otus-scala-grpc/target/scala-2.13/src_managed/main/scalapb/otus/scala/grpc/helloworld3/HelloWorldGrpc.scala:64:154: object io is not a member of package <root>[0m
[0m[[0m[31merror[0m] [0m[0mdid you mean com?[0m
[0m[[0m[31merror[0m] [0m[0m  class HelloWorldBlockingStub(channel: _root_.io.grpc.Channel, options: _root_.io.grpc.CallOptions = _root_.io.grpc.CallOptions.DEFAULT) extends _root_.io.grpc.stub.AbstractStub[HelloWorldBlockingStub](channel, options) with HelloWorldBlockingClient {[0m
[0m[[0m[31merror[0m] [0m[0m                                                                                                                                                         ^[0m
[0m[[0m[31merror[0m] [0m[0m/home/aleksey/repos/otus-scala-grpc/target/scala-2.13/src_managed/main/scalapb/otus/scala/grpc/helloworld3/HelloWorldGrpc.scala:64:48: object io is not a member of package <root>[0m
[0m[[0m[31merror[0m] [0m[0mdid you mean com?[0m
[0m[[0m[31merror[0m] [0m[0m  class HelloWorldBlockingStub(channel: _root_.io.grpc.Channel, options: _root_.io.grpc.CallOptions = _root_.io.grpc.CallOptions.DEFAULT) extends _root_.io.grpc.stub.AbstractStub[HelloWorldBlockingStub](channel, options) with HelloWorldBlockingClient {[0m
[0m[[0m[31merror[0m] [0m[0m                                               ^[0m
[0m[[0m[31merror[0m] [0m[0m/home/aleksey/repos/otus-scala-grpc/target/scala-2.13/src_managed/main/scalapb/otus/scala/grpc/helloworld3/HelloWorldGrpc.scala:64:81: object io is not a member of package <root>[0m
[0m[[0m[31merror[0m] [0m[0mdid you mean com?[0m
[0m[[0m[31merror[0m] [0m[0m  class HelloWorldBlockingStub(channel: _root_.io.grpc.Channel, options: _root_.io.grpc.CallOptions = _root_.io.grpc.CallOptions.DEFAULT) extends _root_.io.grpc.stub.AbstractStub[HelloWorldBlockingStub](channel, options) with HelloWorldBlockingClient {[0m
[0m[[0m[31merror[0m] [0m[0m                                                                                ^[0m
[0m[[0m[31merror[0m] [0m[0m/home/aleksey/repos/otus-scala-grpc/target/scala-2.13/src_managed/main/scalapb/otus/scala/grpc/helloworld3/HelloWorldGrpc.scala:64:110: object io is not a member of package <root>[0m
[0m[[0m[31merror[0m] [0m[0mdid you mean com?[0m
[0m[[0m[31merror[0m] [0m[0m  class HelloWorldBlockingStub(channel: _root_.io.grpc.Channel, options: _root_.io.grpc.CallOptions = _root_.io.grpc.CallOptions.DEFAULT) extends _root_.io.grpc.stub.AbstractStub[HelloWorldBlockingStub](channel, options) with HelloWorldBlockingClient {[0m
[0m[[0m[31merror[0m] [0m[0m                                                                                                             ^[0m
[0m[[0m[31merror[0m] [0m[0m/home/aleksey/repos/otus-scala-grpc/target/scala-2.13/src_managed/main/scalapb/otus/scala/grpc/helloworld3/HelloWorldGrpc.scala:64:204: no arguments allowed for nullary constructor Object: (): Object[0m
[0m[[0m[31merror[0m] [0m[0m  class HelloWorldBlockingStub(channel: _root_.io.grpc.Channel, options: _root_.io.grpc.CallOptions = _root_.io.grpc.CallOptions.DEFAULT) extends _root_.io.grpc.stub.AbstractStub[HelloWorldBlockingStub](channel, options) with HelloWorldBlockingClient {[0m
[0m[[0m[31merror[0m] [0m[0m                                                                                                                                                                                                           ^[0m
[0m[[0m[31merror[0m] [0m[0m/home/aleksey/repos/otus-scala-grpc/target/scala-2.13/src_managed/main/scalapb/otus/scala/grpc/helloworld3/HelloWorldGrpc.scala:66:22: object grpc is not a member of package scalapb[0m
[0m[[0m[31merror[0m] [0m[0m      _root_.scalapb.grpc.ClientCalls.blockingUnaryCall(channel, METHOD_HELLO, options, request)[0m
[0m[[0m[31merror[0m] [0m[0m                     ^[0m
[0m[[0m[31merror[0m] [0m[0m/home/aleksey/repos/otus-scala-grpc/target/scala-2.13/src_managed/main/scalapb/otus/scala/grpc/helloworld3/HelloWorldGrpc.scala:69:40: object io is not a member of package <root>[0m
[0m[[0m[31merror[0m] [0m[0mdid you mean com?[0m
[0m[[0m[31merror[0m] [0m[0m    override def build(channel: _root_.io.grpc.Channel, options: _root_.io.grpc.CallOptions): HelloWorldBlockingStub = new HelloWorldBlockingStub(channel, options)[0m
[0m[[0m[31merror[0m] [0m[0m                                       ^[0m
[0m[[0m[31merror[0m] [0m[0m/home/aleksey/repos/otus-scala-grpc/target/scala-2.13/src_managed/main/scalapb/otus/scala/grpc/helloworld3/HelloWorldGrpc.scala:69:73: object io is not a member of package <root>[0m
[0m[[0m[31merror[0m] [0m[0mdid you mean com?[0m
[0m[[0m[31merror[0m] [0m[0m    override def build(channel: _root_.io.grpc.Channel, options: _root_.io.grpc.CallOptions): HelloWorldBlockingStub = new HelloWorldBlockingStub(channel, options)[0m
[0m[[0m[31merror[0m] [0m[0m                                                                        ^[0m
[0m[[0m[31merror[0m] [0m[0m/home/aleksey/repos/otus-scala-grpc/target/scala-2.13/src_managed/main/scalapb/otus/scala/grpc/helloworld3/HelloWorldGrpc.scala:72:146: object io is not a member of package <root>[0m
[0m[[0m[31merror[0m] [0m[0mdid you mean com?[0m
[0m[[0m[31merror[0m] [0m[0m  class HelloWorldStub(channel: _root_.io.grpc.Channel, options: _root_.io.grpc.CallOptions = _root_.io.grpc.CallOptions.DEFAULT) extends _root_.io.grpc.stub.AbstractStub[HelloWorldStub](channel, options) with HelloWorld {[0m
[0m[[0m[31merror[0m] [0m[0m                                                                                                                                                 ^[0m
[0m[[0m[31merror[0m] [0m[0m/home/aleksey/repos/otus-scala-grpc/target/scala-2.13/src_managed/main/scalapb/otus/scala/grpc/helloworld3/HelloWorldGrpc.scala:72:40: object io is not a member of package <root>[0m
[0m[[0m[31merror[0m] [0m[0mdid you mean com?[0m
[0m[[0m[31merror[0m] [0m[0m  class HelloWorldStub(channel: _root_.io.grpc.Channel, options: _root_.io.grpc.CallOptions = _root_.io.grpc.CallOptions.DEFAULT) extends _root_.io.grpc.stub.AbstractStub[HelloWorldStub](channel, options) with HelloWorld {[0m
[0m[[0m[31merror[0m] [0m[0m                                       ^[0m
[0m[[0m[31merror[0m] [0m[0m/home/aleksey/repos/otus-scala-grpc/target/scala-2.13/src_managed/main/scalapb/otus/scala/grpc/helloworld3/HelloWorldGrpc.scala:72:73: object io is not a member of package <root>[0m
[0m[[0m[31merror[0m] [0m[0mdid you mean com?[0m
[0m[[0m[31merror[0m] [0m[0m  class HelloWorldStub(channel: _root_.io.grpc.Channel, options: _root_.io.grpc.CallOptions = _root_.io.grpc.CallOptions.DEFAULT) extends _root_.io.grpc.stub.AbstractStub[HelloWorldStub](channel, options) with HelloWorld {[0m
[0m[[0m[31merror[0m] [0m[0m                                                                        ^[0m
[0m[[0m[31merror[0m] [0m[0m/home/aleksey/repos/otus-scala-grpc/target/scala-2.13/src_managed/main/scalapb/otus/scala/grpc/helloworld3/HelloWorldGrpc.scala:72:102: object io is not a member of package <root>[0m
[0m[[0m[31merror[0m] [0m[0mdid you mean com?[0m
[0m[[0m[31merror[0m] [0m[0m  class HelloWorldStub(channel: _root_.io.grpc.Channel, options: _root_.io.grpc.CallOptions = _root_.io.grpc.CallOptions.DEFAULT) extends _root_.io.grpc.stub.AbstractStub[HelloWorldStub](channel, options) with HelloWorld {[0m
[0m[[0m[31merror[0m] [0m[0m                                                                                                     ^[0m
[0m[[0m[31merror[0m] [0m[0m/home/aleksey/repos/otus-scala-grpc/target/scala-2.13/src_managed/main/scalapb/otus/scala/grpc/helloworld3/HelloWorldGrpc.scala:72:188: no arguments allowed for nullary constructor Object: (): Object[0m
[0m[[0m[31merror[0m] [0m[0m  class HelloWorldStub(channel: _root_.io.grpc.Channel, options: _root_.io.grpc.CallOptions = _root_.io.grpc.CallOptions.DEFAULT) extends _root_.io.grpc.stub.AbstractStub[HelloWorldStub](channel, options) with HelloWorld {[0m
[0m[[0m[31merror[0m] [0m[0m                                                                                                                                                                                           ^[0m
[0m[[0m[31merror[0m] [0m[0m/home/aleksey/repos/otus-scala-grpc/target/scala-2.13/src_managed/main/scalapb/otus/scala/grpc/helloworld3/HelloWorldGrpc.scala:74:22: object grpc is not a member of package scalapb[0m
[0m[[0m[31merror[0m] [0m[0m      _root_.scalapb.grpc.ClientCalls.asyncUnaryCall(channel, METHOD_HELLO, options, request)[0m
[0m[[0m[31merror[0m] [0m[0m                     ^[0m
[0m[[0m[31merror[0m] [0m[0m/home/aleksey/repos/otus-scala-grpc/target/scala-2.13/src_managed/main/scalapb/otus/scala/grpc/helloworld3/HelloWorldGrpc.scala:77:135: object io is not a member of package <root>[0m
[0m[[0m[31merror[0m] [0m[0mdid you mean com?[0m
[0m[[0m[31merror[0m] [0m[0m    override def helloStream(responseObserver: _root_.io.grpc.stub.StreamObserver[otus.scala.grpc.helloworld3.HelloResponse]): _root_.io.grpc.stub.StreamObserver[otus.scala.grpc.helloworld3.HelloRequest] = {[0m
[0m[[0m[31merror[0m] [0m[0m                                                                                                                                      ^[0m
[0m[[0m[31merror[0m] [0m[0m/home/aleksey/repos/otus-scala-grpc/target/scala-2.13/src_managed/main/scalapb/otus/scala/grpc/helloworld3/HelloWorldGrpc.scala:77:55: object io is not a member of package <root>[0m
[0m[[0m[31merror[0m] [0m[0mdid you mean com?[0m
[0m[[0m[31merror[0m] [0m[0m    override def helloStream(responseObserver: _root_.io.grpc.stub.StreamObserver[otus.scala.grpc.helloworld3.HelloResponse]): _root_.io.grpc.stub.StreamObserver[otus.scala.grpc.helloworld3.HelloRequest] = {[0m
[0m[[0m[31merror[0m] [0m[0m                                                      ^[0m
[0m[[0m[31merror[0m] [0m[0m/home/aleksey/repos/otus-scala-grpc/target/scala-2.13/src_managed/main/scalapb/otus/scala/grpc/helloworld3/HelloWorldGrpc.scala:78:22: object grpc is not a member of package scalapb[0m
[0m[[0m[31merror[0m] [0m[0m      _root_.scalapb.grpc.ClientCalls.asyncBidiStreamingCall(channel, METHOD_HELLO_STREAM, options, responseObserver)[0m
[0m[[0m[31merror[0m] [0m[0m                     ^[0m
[0m[[0m[31merror[0m] [0m[0m/home/aleksey/repos/otus-scala-grpc/target/scala-2.13/src_managed/main/scalapb/otus/scala/grpc/helloworld3/HelloWorldGrpc.scala:81:40: object io is not a member of package <root>[0m
[0m[[0m[31merror[0m] [0m[0mdid you mean com?[0m
[0m[[0m[31merror[0m] [0m[0m    override def build(channel: _root_.io.grpc.Channel, options: _root_.io.grpc.CallOptions): HelloWorldStub = new HelloWorldStub(channel, options)[0m
[0m[[0m[31merror[0m] [0m[0m                                       ^[0m
[0m[[0m[31merror[0m] [0m[0m/home/aleksey/repos/otus-scala-grpc/target/scala-2.13/src_managed/main/scalapb/otus/scala/grpc/helloworld3/HelloWorldGrpc.scala:81:73: object io is not a member of package <root>[0m
[0m[[0m[31merror[0m] [0m[0mdid you mean com?[0m
[0m[[0m[31merror[0m] [0m[0m    override def build(channel: _root_.io.grpc.Channel, options: _root_.io.grpc.CallOptions): HelloWorldStub = new HelloWorldStub(channel, options)[0m
[0m[[0m[31merror[0m] [0m[0m                                                                        ^[0m
[0m[[0m[31merror[0m] [0m[0m/home/aleksey/repos/otus-scala-grpc/target/scala-2.13/src_managed/main/scalapb/otus/scala/grpc/helloworld3/HelloWorldGrpc.scala:84:105: object io is not a member of package <root>[0m
[0m[[0m[31merror[0m] [0m[0mdid you mean com?[0m
[0m[[0m[31merror[0m] [0m[0m  def bindService(serviceImpl: HelloWorld, executionContext: scala.concurrent.ExecutionContext): _root_.io.grpc.ServerServiceDefinition = HelloWorld.bindService(serviceImpl, executionContext)[0m
[0m[[0m[31merror[0m] [0m[0m                                                                                                        ^[0m
[0m[[0m[31merror[0m] [0m[0m/home/aleksey/repos/otus-scala-grpc/target/scala-2.13/src_managed/main/scalapb/otus/scala/grpc/helloworld3/HelloWorldGrpc.scala:86:36: object io is not a member of package <root>[0m
[0m[[0m[31merror[0m] [0m[0mdid you mean com?[0m
[0m[[0m[31merror[0m] [0m[0m  def blockingStub(channel: _root_.io.grpc.Channel): HelloWorldBlockingStub = new HelloWorldBlockingStub(channel)[0m
[0m[[0m[31merror[0m] [0m[0m                                   ^[0m
[0m[[0m[31merror[0m] [0m[0m/home/aleksey/repos/otus-scala-grpc/target/scala-2.13/src_managed/main/scalapb/otus/scala/grpc/helloworld3/HelloWorldGrpc.scala:88:28: object io is not a member of package <root>[0m
[0m[[0m[31merror[0m] [0m[0mdid you mean com?[0m
[0m[[0m[31merror[0m] [0m[0m  def stub(channel: _root_.io.grpc.Channel): HelloWorldStub = new HelloWorldStub(channel)[0m
[0m[[0m[31merror[0m] [0m[0m                           ^[0m
[0m[[0m[31merror[0m] [0m[0m54 errors found[0m
[0m[[0m[31merror[0m] [0m[0m(Compile / [31mcompileIncremental[0m) Compilation failed[0m
[0m[[0m[31merror[0m] [0m[0mTotal time: 0 s, completed Jan 16, 2021, 7:45:45 PM[0m
[0m[[0m[0mdebug[0m] [0m[0m> Exec(idea-shell, None, None)[0m
